<?xml version="1.0" encoding="UTF-8"?>
<testsuite xmlns:xsi="http://www.w3.org/2001/XMLSchema-instance" xsi:noNamespaceSchemaLocation="https://maven.apache.org/surefire/maven-surefire-plugin/xsd/surefire-test-report.xsd" name="rs.ac.bg.fon.nprog.IzgubljeniNadjeni_server.AppTest" time="0.08" tests="1" errors="0" skipped="0" failures="0">
  <properties>
    <property name="java.specification.version" value="15"/>
    <property name="sun.jnu.encoding" value="UTF-8"/>
    <property name="java.class.path" value="/Users/tamara/eclipse-workspace/IzgubljeniNadjeni_server/target/test-classes:/Users/tamara/eclipse-workspace/IzgubljeniNadjeni_server/target/classes:/Users/tamara/.m2/repository/junit/junit/4.11/junit-4.11.jar:/Users/tamara/.m2/repository/org/hamcrest/hamcrest-core/1.3/hamcrest-core-1.3.jar:/Users/tamara/.m2/repository/rs/ac/bg/fon/nprog/zajednicki/IzgubljeniNadjeni_lib/1.0/IzgubljeniNadjeni_lib-1.0.jar:/Users/tamara/.m2/repository/mysql/mysql-connector-java/5.1.23/mysql-connector-java-5.1.23.jar:"/>
    <property name="java.vm.vendor" value="Oracle Corporation"/>
    <property name="sun.arch.data.model" value="64"/>
    <property name="java.vendor.url" value="https://java.oracle.com/"/>
    <property name="os.name" value="Mac OS X"/>
    <property name="java.vm.specification.version" value="15"/>
    <property name="sun.java.launcher" value="SUN_STANDARD"/>
    <property name="user.country" value="GB"/>
    <property name="sun.boot.library.path" value="/Applications/Eclipse.app/Contents/Eclipse/plugins/org.eclipse.justj.openjdk.hotspot.jre.full.macosx.x86_64_15.0.1.v20201027-0507/jre/lib"/>
    <property name="sun.java.command" value="/Users/tamara/eclipse-workspace/IzgubljeniNadjeni_server/target/surefire/surefirebooter14987447808545629410.jar /Users/tamara/eclipse-workspace/IzgubljeniNadjeni_server/target/surefire 2021-06-25T12-37-44_815-jvmRun1 surefire1774672285466460985tmp surefire_09761957526945479017tmp"/>
    <property name="http.nonProxyHosts" value="local|*.local|169.254/16|*.169.254/16"/>
    <property name="jdk.debug" value="release"/>
    <property name="surefire.test.class.path" value="/Users/tamara/eclipse-workspace/IzgubljeniNadjeni_server/target/test-classes:/Users/tamara/eclipse-workspace/IzgubljeniNadjeni_server/target/classes:/Users/tamara/.m2/repository/junit/junit/4.11/junit-4.11.jar:/Users/tamara/.m2/repository/org/hamcrest/hamcrest-core/1.3/hamcrest-core-1.3.jar:/Users/tamara/.m2/repository/rs/ac/bg/fon/nprog/zajednicki/IzgubljeniNadjeni_lib/1.0/IzgubljeniNadjeni_lib-1.0.jar:/Users/tamara/.m2/repository/mysql/mysql-connector-java/5.1.23/mysql-connector-java-5.1.23.jar:"/>
    <property name="sun.cpu.endian" value="little"/>
    <property name="user.home" value="/Users/tamara"/>
    <property name="user.language" value="en"/>
    <property name="java.specification.vendor" value="Oracle Corporation"/>
    <property name="java.version.date" value="2020-10-20"/>
    <property name="java.home" value="/Applications/Eclipse.app/Contents/Eclipse/plugins/org.eclipse.justj.openjdk.hotspot.jre.full.macosx.x86_64_15.0.1.v20201027-0507/jre"/>
    <property name="file.separator" value="/"/>
    <property name="basedir" value="/Users/tamara/eclipse-workspace/IzgubljeniNadjeni_server"/>
    <property name="java.vm.compressedOopsMode" value="Zero based"/>
    <property name="line.separator" value="&#10;"/>
    <property name="java.specification.name" value="Java Platform API Specification"/>
    <property name="java.vm.specification.vendor" value="Oracle Corporation"/>
    <property name="surefire.real.class.path" value="/Users/tamara/eclipse-workspace/IzgubljeniNadjeni_server/target/surefire/surefirebooter14987447808545629410.jar"/>
    <property name="sun.management.compiler" value="HotSpot 64-Bit Tiered Compilers"/>
    <property name="ftp.nonProxyHosts" value="local|*.local|169.254/16|*.169.254/16"/>
    <property name="java.runtime.version" value="15.0.1+9-18"/>
    <property name="user.name" value="tamara"/>
    <property name="path.separator" value=":"/>
    <property name="os.version" value="10.16"/>
    <property name="java.runtime.name" value="OpenJDK Runtime Environment"/>
    <property name="file.encoding" value="UTF-8"/>
    <property name="java.vm.name" value="OpenJDK 64-Bit Server VM"/>
    <property name="localRepository" value="/Users/tamara/.m2/repository"/>
    <property name="java.vendor.url.bug" value="https://bugreport.java.com/bugreport/"/>
    <property name="java.io.tmpdir" value="/var/folders/4b/h1_hk32n2t92l0d19sxqxx380000gn/T/"/>
    <property name="java.version" value="15.0.1"/>
    <property name="user.dir" value="/Users/tamara/eclipse-workspace/IzgubljeniNadjeni_server"/>
    <property name="os.arch" value="x86_64"/>
    <property name="java.vm.specification.name" value="Java Virtual Machine Specification"/>
    <property name="java.library.path" value="/Users/tamara/Library/Java/Extensions:/Library/Java/Extensions:/Network/Library/Java/Extensions:/System/Library/Java/Extensions:/usr/lib/java:."/>
    <property name="java.vm.info" value="mixed mode"/>
    <property name="java.vendor" value="Oracle Corporation"/>
    <property name="java.vm.version" value="15.0.1+9-18"/>
    <property name="sun.io.unicode.encoding" value="UnicodeBig"/>
    <property name="socksNonProxyHosts" value="local|*.local|169.254/16|*.169.254/16"/>
    <property name="java.class.version" value="59.0"/>
  </properties>
  <testcase name="shouldAnswerWithTrue" classname="rs.ac.bg.fon.nprog.IzgubljeniNadjeni_server.AppTest" time="0.003"/>
</testsuite>